<?xml version="1.0" encoding="UTF-8"?>
<testng-results ignored="0" total="1" passed="1" failed="0" skipped="0">
  <reporter-output>
  </reporter-output>
  <suite started-at="2019-09-11T08:42:17Z" name="Default suite" finished-at="2019-09-11T08:42:34Z" duration-ms="17005">
    <groups>
    </groups>
    <test started-at="2019-09-11T08:42:17Z" name="Default test" finished-at="2019-09-11T08:42:34Z" duration-ms="17005">
      <class name="Test.Login">
        <test-method signature="base()[pri:0, instance:Test.Login@58a9760d]" started-at="2019-09-11T08:42:17Z" name="base" finished-at="2019-09-11T08:42:34Z" duration-ms="16970" status="PASS">
          <reporter-output>
          </reporter-output>
        </test-method> <!-- base -->
      </class> <!-- Test.Login -->
    </test> <!-- Default test -->
  </suite> <!-- Default suite -->
</testng-results>
